<?xml version="1.0" encoding="UTF-8"?>
<!-- Generated by org.testng.reporters.JUnitReportReporter -->
<testsuite hostname="LAPTOP-FAP6QC75" failures="0" tests="1" name="com.api.ask.autorizationapi.GET_ActivateAccount" time="1.809" errors="0" timestamp="2021-01-24T19:20:52 PST" skipped="0">
  <testcase classname="com.api.ask.autorizationapi.GET_ActivateAccount" name="activateNewlyCreatedAccount" time="1.809"/>
  <system-out/>
</testsuite> <!-- com.api.ask.autorizationapi.GET_ActivateAccount -->
