<?xml version="1.0" encoding="UTF-8"?>
<!-- Generated by org.testng.reporters.JUnitReportReporter -->
<testsuite hostname="LAPTOP-FAP6QC75" failures="0" tests="1" name="com.api.ask.autorizationapi.Post_CreateStudentAccount" time="2.784" errors="0" timestamp="2021-01-25T12:13:42 PST" skipped="0">
  <testcase classname="com.api.ask.autorizationapi.Post_CreateStudentAccount" name="createAccount" time="2.784"/>
  <system-out/>
</testsuite> <!-- com.api.ask.autorizationapi.Post_CreateStudentAccount -->
