<?xml version="1.0" encoding="UTF-8"?>
<!-- Generated by org.testng.reporters.JUnitReportReporter -->
<testsuite hostname="LAPTOP-FAP6QC75" failures="0" tests="1" name="com.api.ask.autorizationapi.TC001PostSignIn" time="2.883" errors="0" timestamp="2021-01-23T18:24:12 PST" skipped="0">
  <testcase classname="com.api.ask.autorizationapi.TC001PostSignIn" name="signIntoAccount" time="2.883"/>
  <system-out/>
</testsuite> <!-- com.api.ask.autorizationapi.TC001PostSignIn -->
